2020-02-12 14:05:57,098 [Worker-4] INFO  c.g.t.t.d.PublishedGradleVersions - Gradle version information cache is not available. Remote download required.
2020-02-12 14:46:45,847 [Worker-0] INFO  c.g.t.t.d.PublishedGradleVersions - Gradle version information cache is up-to-date. Trying to read.
2020-02-12 15:13:27,368 [Worker-6] INFO  c.g.t.t.d.PublishedGradleVersions - Gradle version information cache is up-to-date. Trying to read.
2020-02-13 14:53:52,711 [Worker-3] INFO  c.g.t.t.d.PublishedGradleVersions - Gradle version information cache is out-of-date. Trying to update.
2020-02-25 11:21:26,557 [Worker-3] INFO  c.g.t.t.d.PublishedGradleVersions - Gradle version information cache is out-of-date. Trying to update.
2020-02-25 22:11:16,746 [Worker-3] INFO  c.g.t.t.d.PublishedGradleVersions - Gradle version information cache is up-to-date. Trying to read.
2020-02-26 10:08:02,478 [Worker-3] INFO  c.g.t.t.d.PublishedGradleVersions - Gradle version information cache is up-to-date. Trying to read.
2020-02-26 10:10:19,836 [Start Help Server] INFO  org.eclipse.jetty.util.log - Logging initialized @239458ms to org.eclipse.jetty.util.log.Slf4jLog
2020-02-26 10:10:19,984 [Start Help Server] INFO  org.eclipse.jetty.server.Server - jetty-9.4.8.v20171121, build timestamp: 2017-11-22T05:27:37+08:00, git hash: 82b8fb23f757335bb3329d540ce37a2a2615f0a8
2020-02-26 10:10:20,005 [Start Help Server] INFO  org.eclipse.jetty.server.session - DefaultSessionIdManager workerName=node0
2020-02-26 10:10:20,005 [Start Help Server] INFO  org.eclipse.jetty.server.session - No SessionScavenger set, using defaults
2020-02-26 10:10:20,006 [Start Help Server] INFO  org.eclipse.jetty.server.session - Scavenging every 600000ms
2020-02-26 10:10:20,032 [Start Help Server] INFO  o.e.j.server.handler.ContextHandler - Started o.e.j.s.ServletContextHandler@54634c81{/help,null,AVAILABLE}
2020-02-26 10:10:20,060 [Start Help Server] INFO  o.e.jetty.server.AbstractConnector - Started ServerConnector@6ece0111{HTTP/1.1,[http/1.1]}{127.0.0.1:54304}
2020-02-26 10:10:20,060 [Start Help Server] INFO  org.eclipse.jetty.server.Server - Started @239682ms
2020-02-28 11:51:46,778 [Worker-3] INFO  c.g.t.t.d.PublishedGradleVersions - Gradle version information cache is out-of-date. Trying to update.
2020-03-09 17:17:53,600 [Worker-1] INFO  c.g.t.t.d.PublishedGradleVersions - Gradle version information cache is out-of-date. Trying to update.
2020-03-14 19:13:07,137 [Worker-0] INFO  c.g.t.t.d.PublishedGradleVersions - Gradle version information cache is out-of-date. Trying to update.
2020-03-18 12:49:24,818 [Worker-2] INFO  c.g.t.t.d.PublishedGradleVersions - Gradle version information cache is out-of-date. Trying to update.
2020-03-18 12:54:39,856 [Worker-3] INFO  c.g.t.t.d.PublishedGradleVersions - Gradle version information cache is up-to-date. Trying to read.
